{"@message":"Listing to be created is a bid product for user with id = 5 with bid end date = 2016-11-6","@timestamp":"2016-11-2 19:11:30","@fields":{"level":"info"}}
{"@message":"Listing for bidding created for for user with id = 5","@timestamp":"2016-11-2 19:11:30","@fields":{"level":"info"}}
{"@message":"Bid product button clicked for item id = 5 by user with id = 6","@timestamp":"2016-11-2 19:28:21","@fields":{"level":"info"}}
{"@message":"Bid amount of 890 for item id = 5 entered in DB for user with id = 6","@timestamp":"2016-11-2 19:28:21","@fields":{"level":"info"}}
{"@message":"Bid amount entered in DB successully for user with id = 6","@timestamp":"2016-11-2 19:28:21","@fields":{"level":"info"}}
{"@message":"Listing to be created is a bid product for user with id = 1 with bid end date = 2016-11-10","@timestamp":"2016-11-6 17:12:56","@fields":{"level":"info"}}
{"@message":"Listing for bidding created for for user with id = 1","@timestamp":"2016-11-6 17:12:56","@fields":{"level":"info"}}
{"@message":"Bid product button clicked for item id = 2 by user with id = 5","@timestamp":"2016-11-6 17:13:44","@fields":{"level":"info"}}
{"@message":"Bid amount of 300 for item id = 2 entered in DB for user with id = 5","@timestamp":"2016-11-6 17:13:44","@fields":{"level":"info"}}
{"@message":"Bid amount entered in DB successully for user with id = 5","@timestamp":"2016-11-6 17:13:44","@fields":{"level":"info"}}
{"@message":"Bid product button clicked for item id = 2 by user with id = 6","@timestamp":"2016-11-6 17:15:24","@fields":{"level":"info"}}
{"@message":"Bid amount of 310 for item id = 2 entered in DB for user with id = 6","@timestamp":"2016-11-6 17:15:24","@fields":{"level":"info"}}
{"@message":"Bid amount entered in DB successully for user with id = 6","@timestamp":"2016-11-6 17:15:24","@fields":{"level":"info"}}
{"@message":"Bid end date 2016-11-6 for item with id = 2 has arrived","@timestamp":"2016-11-6 17:30:28","@fields":{"level":"info"}}
{"@message":"Bid end date 2016-11-6 for item with id = 2 has arrived","@timestamp":"2016-11-6 17:31:14","@fields":{"level":"info"}}
{"@message":"Listing to be created is a bid product for user with id = 1 with bid end date = 2016-11-10","@timestamp":"2016-11-6 17:32:44","@fields":{"level":"info"}}
{"@message":"Listing for bidding created for for user with id = 1","@timestamp":"2016-11-6 17:32:44","@fields":{"level":"info"}}
{"@message":"Bid end date 2016-11-6 for item with id = 2 has arrived","@timestamp":"2016-11-6 17:33:5","@fields":{"level":"info"}}
{"@message":"Bid end date 2016-11-6 for item with id = 2 has arrived","@timestamp":"2016-11-6 17:33:18","@fields":{"level":"info"}}
{"@message":"Bid end date 2016-11-6 for item with id = 2 has arrived","@timestamp":"2016-11-6 17:33:45","@fields":{"level":"info"}}
{"@message":"Bid end date 2016-11-6 for item with id = 2 has arrived","@timestamp":"2016-11-6 17:35:12","@fields":{"level":"info"}}
{"@message":"Bid end date 2016-11-6 for item with id = 2 has arrived","@timestamp":"2016-11-6 17:36:33","@fields":{"level":"info"}}
{"@message":"Bid end date 2016-11-6 for item with id = 2 has arrived","@timestamp":"2016-11-6 17:36:36","@fields":{"level":"info"}}
{"@message":"Bid product button clicked for item id = 3 by user with id = 6","@timestamp":"2016-11-6 17:38:31","@fields":{"level":"info"}}
{"@message":"Bid amount of 520 for item id = 3 entered in DB for user with id = 6","@timestamp":"2016-11-6 17:38:31","@fields":{"level":"info"}}
{"@message":"Bid amount entered in DB successully for user with id = 6","@timestamp":"2016-11-6 17:38:31","@fields":{"level":"info"}}
{"@message":"Bid end date 2016-11-6 for item with id = 3 has arrived","@timestamp":"2016-11-6 17:39:43","@fields":{"level":"info"}}
{"@message":"Bid end date 2016-11-6 for item with id = 3 has arrived","@timestamp":"2016-11-6 17:40:47","@fields":{"level":"info"}}
{"@message":"Bid end date 2016-11-6 for item with id = 3 has arrived","@timestamp":"2016-11-6 17:42:1","@fields":{"level":"info"}}
{"@message":"Bid end date 2016-11-6 for item with id = 3 has arrived","@timestamp":"2016-11-6 17:44:30","@fields":{"level":"info"}}
{"@message":"Fetching data from bid users to get highest bidder","@timestamp":"2016-11-6 17:44:30","@fields":{"level":"info"}}
{"@message":"Highest bidder for item id = 3 is user with id = 6","@timestamp":"2016-11-6 17:44:30","@fields":{"level":"info"}}
