{"@message":"Website hit","@timestamp":"2016-11-10 17:16:42","@fields":{"level":"info"}}
{"@message":"Sign in or register link clicked","@timestamp":"2016-11-10 17:16:44","@fields":{"level":"info"}}
{"@message":"Displaying home page for user with id = 6","@timestamp":"2016-11-10 17:16:58","@fields":{"level":"info"}}
{"@message":"Fetching home page data after home page hit","@timestamp":"2016-11-10 17:16:58","@fields":{"level":"info"}}
{"@message":"Website hit","@timestamp":"2016-11-10 17:19:2","@fields":{"level":"info"}}
{"@message":"Sign in or register link clicked","@timestamp":"2016-11-10 17:19:4","@fields":{"level":"info"}}
{"@message":"Displaying home page for user with id = 1","@timestamp":"2016-11-10 17:19:10","@fields":{"level":"info"}}
{"@message":"Fetching home page data after home page hit","@timestamp":"2016-11-10 17:19:11","@fields":{"level":"info"}}
{"@message":"Website hit","@timestamp":"2016-11-6 17:21:5","@fields":{"level":"info"}}
{"@message":"Sign in or register link clicked","@timestamp":"2016-11-6 17:21:7","@fields":{"level":"info"}}
{"@message":"Displaying home page for user with id = 1","@timestamp":"2016-11-6 17:21:12","@fields":{"level":"info"}}
{"@message":"Fetching home page data after home page hit","@timestamp":"2016-11-6 17:21:12","@fields":{"level":"info"}}
{"@message":"User with username = i@i.com has been signed out successfully","@timestamp":"2016-11-6 17:22:21","@fields":{"level":"info"}}
{"@message":"Website hit","@timestamp":"2016-11-6 17:22:21","@fields":{"level":"info"}}
{"@message":"Sign in or register link clicked","@timestamp":"2016-11-6 17:22:23","@fields":{"level":"info"}}
{"@message":"Displaying home page for user with id = 6","@timestamp":"2016-11-6 17:22:30","@fields":{"level":"info"}}
{"@message":"Fetching home page data after home page hit","@timestamp":"2016-11-6 17:22:31","@fields":{"level":"info"}}
{"@message":"Website hit","@timestamp":"2016-11-6 17:24:13","@fields":{"level":"info"}}
{"@message":"Sign in or register link clicked","@timestamp":"2016-11-6 17:24:15","@fields":{"level":"info"}}
{"@message":"Displaying home page for user with id = 6","@timestamp":"2016-11-6 17:24:53","@fields":{"level":"info"}}
{"@message":"Fetching home page data after home page hit","@timestamp":"2016-11-6 17:24:54","@fields":{"level":"info"}}
{"@message":"Fetching home page data after home page hit","@timestamp":"2016-11-6 17:26:54","@fields":{"level":"info"}}
{"@message":"Website hit","@timestamp":"2016-11-6 17:28:29","@fields":{"level":"info"}}
{"@message":"Sign in or register link clicked","@timestamp":"2016-11-6 17:28:32","@fields":{"level":"info"}}
{"@message":"Displaying home page for user with id = 6","@timestamp":"2016-11-6 17:28:39","@fields":{"level":"info"}}
{"@message":"Fetching home page data after home page hit","@timestamp":"2016-11-6 17:28:39","@fields":{"level":"info"}}
{"@message":"Displaying home page for user with id = 6","@timestamp":"2016-11-6 17:29:16","@fields":{"level":"info"}}
{"@message":"Fetching home page data after home page hit","@timestamp":"2016-11-6 17:29:17","@fields":{"level":"info"}}
{"@message":"Website hit","@timestamp":"2016-11-6 17:30:15","@fields":{"level":"info"}}
{"@message":"Sign in or register link clicked","@timestamp":"2016-11-6 17:30:18","@fields":{"level":"info"}}
{"@message":"Displaying home page for user with id = 6","@timestamp":"2016-11-6 17:30:28","@fields":{"level":"info"}}
{"@message":"Fetching home page data after home page hit","@timestamp":"2016-11-6 17:30:28","@fields":{"level":"info"}}
{"@message":"Displaying home page for user with id = 6","@timestamp":"2016-11-6 17:30:38","@fields":{"level":"info"}}
{"@message":"Fetching home page data after home page hit","@timestamp":"2016-11-6 17:30:39","@fields":{"level":"info"}}
{"@message":"User with username = shruti@gmail.com has been signed out successfully","@timestamp":"2016-11-6 17:31:52","@fields":{"level":"info"}}
{"@message":"Website hit","@timestamp":"2016-11-6 17:31:52","@fields":{"level":"info"}}
{"@message":"Sign in or register link clicked","@timestamp":"2016-11-6 17:31:54","@fields":{"level":"info"}}
{"@message":"Displaying home page for user with id = 1","@timestamp":"2016-11-6 17:32:10","@fields":{"level":"info"}}
{"@message":"Fetching home page data after home page hit","@timestamp":"2016-11-6 17:32:11","@fields":{"level":"info"}}
{"@message":"Displaying seller home page for user with id = 1","@timestamp":"2016-11-6 17:32:16","@fields":{"level":"info"}}
{"@message":"Create listing button clicked by user with id = 1","@timestamp":"2016-11-6 17:32:44","@fields":{"level":"info"}}
{"@message":"Fetching home page data after home page hit","@timestamp":"2016-11-6 17:32:48","@fields":{"level":"info"}}
{"@message":"User with username = i@i.com has been signed out successfully","@timestamp":"2016-11-6 17:32:50","@fields":{"level":"info"}}
{"@message":"Website hit","@timestamp":"2016-11-6 17:32:50","@fields":{"level":"info"}}
{"@message":"Sign in or register link clicked","@timestamp":"2016-11-6 17:32:52","@fields":{"level":"info"}}
{"@message":"Displaying home page for user with id = 6","@timestamp":"2016-11-6 17:33:4","@fields":{"level":"info"}}
{"@message":"Fetching home page data after home page hit","@timestamp":"2016-11-6 17:33:5","@fields":{"level":"info"}}
{"@message":"Displaying home page for user with id = 6","@timestamp":"2016-11-6 17:33:17","@fields":{"level":"info"}}
{"@message":"Fetching home page data after home page hit","@timestamp":"2016-11-6 17:33:17","@fields":{"level":"info"}}
{"@message":"User with username = shruti@gmail.com has been signed out successfully","@timestamp":"2016-11-6 17:33:23","@fields":{"level":"info"}}
{"@message":"Website hit","@timestamp":"2016-11-6 17:33:23","@fields":{"level":"info"}}
{"@message":"Sign in or register link clicked","@timestamp":"2016-11-6 17:33:33","@fields":{"level":"info"}}
{"@message":"Displaying home page for user with id = 5","@timestamp":"2016-11-6 17:33:45","@fields":{"level":"info"}}
{"@message":"Fetching home page data after home page hit","@timestamp":"2016-11-6 17:33:45","@fields":{"level":"info"}}
{"@message":"Displaying home page for user with id = 5","@timestamp":"2016-11-6 17:34:55","@fields":{"level":"info"}}
{"@message":"Fetching home page data after home page hit","@timestamp":"2016-11-6 17:34:56","@fields":{"level":"info"}}
{"@message":"Fetching home page data after home page hit","@timestamp":"2016-11-6 17:36:19","@fields":{"level":"info"}}
{"@message":"Displaying home page for user with id = 5","@timestamp":"2016-11-6 17:36:35","@fields":{"level":"info"}}
{"@message":"Fetching home page data after home page hit","@timestamp":"2016-11-6 17:36:36","@fields":{"level":"info"}}
{"@message":"Website hit","@timestamp":"2016-11-6 17:38:17","@fields":{"level":"info"}}
{"@message":"Sign in or register link clicked","@timestamp":"2016-11-6 17:38:19","@fields":{"level":"info"}}
{"@message":"Displaying home page for user with id = 6","@timestamp":"2016-11-6 17:38:25","@fields":{"level":"info"}}
{"@message":"Fetching home page data after home page hit","@timestamp":"2016-11-6 17:38:26","@fields":{"level":"info"}}
{"@message":"Bid product button clicked for item id = 3 by user with id = undefined","@timestamp":"2016-11-6 17:38:31","@fields":{"level":"info"}}
{"@message":"Create listing button clicked by user with id = 6","@timestamp":"2016-11-6 17:38:31","@fields":{"level":"info"}}
{"@message":"Displaying home page for user with id = 6","@timestamp":"2016-11-6 17:39:42","@fields":{"level":"info"}}
{"@message":"Fetching home page data after home page hit","@timestamp":"2016-11-6 17:39:43","@fields":{"level":"info"}}
{"@message":"Displaying home page for user with id = 6","@timestamp":"2016-11-6 17:40:24","@fields":{"level":"info"}}
{"@message":"Fetching home page data after home page hit","@timestamp":"2016-11-6 17:40:25","@fields":{"level":"info"}}
{"@message":"Displaying home page for user with id = 6","@timestamp":"2016-11-6 17:41:54","@fields":{"level":"info"}}
{"@message":"Fetching home page data after home page hit","@timestamp":"2016-11-6 17:41:55","@fields":{"level":"info"}}
{"@message":"Website hit","@timestamp":"2016-11-6 17:43:56","@fields":{"level":"info"}}
{"@message":"Sign in or register link clicked","@timestamp":"2016-11-6 17:43:58","@fields":{"level":"info"}}
{"@message":"Displaying home page for user with id = 1","@timestamp":"2016-11-6 17:44:4","@fields":{"level":"info"}}
{"@message":"Fetching home page data after home page hit","@timestamp":"2016-11-6 17:44:4","@fields":{"level":"info"}}
{"@message":"User with username = i@i.com has been signed out successfully","@timestamp":"2016-11-6 17:44:22","@fields":{"level":"info"}}
{"@message":"Website hit","@timestamp":"2016-11-6 17:44:22","@fields":{"level":"info"}}
{"@message":"Sign in or register link clicked","@timestamp":"2016-11-6 17:44:23","@fields":{"level":"info"}}
{"@message":"Displaying home page for user with id = 6","@timestamp":"2016-11-6 17:44:29","@fields":{"level":"info"}}
{"@message":"Fetching home page data after home page hit","@timestamp":"2016-11-6 17:44:30","@fields":{"level":"info"}}
{"@message":"Website hit","@timestamp":"2016-11-6 19:57:0","@fields":{"level":"info"}}
{"@message":"Sign in or register link clicked","@timestamp":"2016-11-6 19:57:3","@fields":{"level":"info"}}
{"@message":"Displaying home page for user with id = 6","@timestamp":"2016-11-6 19:57:13","@fields":{"level":"info"}}
{"@message":"Fetching home page data after home page hit","@timestamp":"2016-11-6 19:57:14","@fields":{"level":"info"}}
{"@message":"Displaying seller home page for user with id = 6","@timestamp":"2016-11-6 19:57:17","@fields":{"level":"info"}}
{"@message":"Create listing button clicked by user with id = 6","@timestamp":"2016-11-6 19:58:37","@fields":{"level":"info"}}
{"@message":"Fetching home page data after home page hit","@timestamp":"2016-11-6 19:58:40","@fields":{"level":"info"}}
{"@message":"User with username = shruti@gmail.com has been signed out successfully","@timestamp":"2016-11-6 19:58:49","@fields":{"level":"info"}}
{"@message":"Website hit","@timestamp":"2016-11-6 19:58:49","@fields":{"level":"info"}}
{"@message":"Sign in or register link clicked","@timestamp":"2016-11-6 19:58:51","@fields":{"level":"info"}}
{"@message":"Displaying home page for user with id = 1","@timestamp":"2016-11-6 19:59:15","@fields":{"level":"info"}}
{"@message":"Fetching home page data after home page hit","@timestamp":"2016-11-6 19:59:16","@fields":{"level":"info"}}
{"@message":"Displaying listing page for user with id = 1","@timestamp":"2016-11-6 19:59:19","@fields":{"level":"info"}}
{"@message":"Fetching listing details for item with id = 4 for user with id = 1","@timestamp":"2016-11-6 19:59:20","@fields":{"level":"info"}}
{"@message":"Create listing button clicked by user with id = 1","@timestamp":"2016-11-6 19:59:20","@fields":{"level":"info"}}
{"@message":"Displaying checkout page for user with id = 1","@timestamp":"2016-11-6 20:0:4","@fields":{"level":"info"}}
{"@message":"Website hit","@timestamp":"2016-11-6 20:5:20","@fields":{"level":"info"}}
{"@message":"Sign in or register link clicked","@timestamp":"2016-11-6 20:5:22","@fields":{"level":"info"}}
{"@message":"Displaying home page for user with id = 1","@timestamp":"2016-11-6 20:5:27","@fields":{"level":"info"}}
{"@message":"Fetching home page data after home page hit","@timestamp":"2016-11-6 20:5:28","@fields":{"level":"info"}}
{"@message":"Displaying seller home page for user with id = 1","@timestamp":"2016-11-6 20:5:29","@fields":{"level":"info"}}
{"@message":"Create listing button clicked by user with id = 1","@timestamp":"2016-11-6 20:5:53","@fields":{"level":"info"}}
{"@message":"Website hit","@timestamp":"2016-11-6 20:7:22","@fields":{"level":"info"}}
{"@message":"Sign in or register link clicked","@timestamp":"2016-11-6 20:7:24","@fields":{"level":"info"}}
{"@message":"Displaying home page for user with id = 1","@timestamp":"2016-11-6 20:7:29","@fields":{"level":"info"}}
{"@message":"Fetching home page data after home page hit","@timestamp":"2016-11-6 20:7:30","@fields":{"level":"info"}}
{"@message":"Displaying seller home page for user with id = 1","@timestamp":"2016-11-6 20:7:31","@fields":{"level":"info"}}
{"@message":"Create listing button clicked by user with id = 1","@timestamp":"2016-11-6 20:7:47","@fields":{"level":"info"}}
{"@message":"Website hit","@timestamp":"2016-11-6 20:8:17","@fields":{"level":"info"}}
{"@message":"Sign in or register link clicked","@timestamp":"2016-11-6 20:8:19","@fields":{"level":"info"}}
{"@message":"Displaying home page for user with id = 1","@timestamp":"2016-11-6 20:8:24","@fields":{"level":"info"}}
{"@message":"Fetching home page data after home page hit","@timestamp":"2016-11-6 20:8:25","@fields":{"level":"info"}}
{"@message":"Displaying seller home page for user with id = 1","@timestamp":"2016-11-6 20:8:27","@fields":{"level":"info"}}
{"@message":"Create listing button clicked by user with id = 1","@timestamp":"2016-11-6 20:8:35","@fields":{"level":"info"}}
{"@message":"Website hit","@timestamp":"2016-11-6 20:10:11","@fields":{"level":"info"}}
{"@message":"Sign in or register link clicked","@timestamp":"2016-11-6 20:10:13","@fields":{"level":"info"}}
{"@message":"Displaying home page for user with id = 1","@timestamp":"2016-11-6 20:10:19","@fields":{"level":"info"}}
{"@message":"Fetching home page data after home page hit","@timestamp":"2016-11-6 20:10:20","@fields":{"level":"info"}}
{"@message":"Displaying seller home page for user with id = 1","@timestamp":"2016-11-6 20:10:21","@fields":{"level":"info"}}
{"@message":"Create listing button clicked by user with id = 1","@timestamp":"2016-11-6 20:10:40","@fields":{"level":"info"}}
{"@message":"Website hit","@timestamp":"2016-11-6 20:18:37","@fields":{"level":"info"}}
{"@message":"Sign in or register link clicked","@timestamp":"2016-11-6 20:18:39","@fields":{"level":"info"}}
{"@message":"Displaying home page for user with id = 1","@timestamp":"2016-11-6 20:18:44","@fields":{"level":"info"}}
{"@message":"Fetching home page data after home page hit","@timestamp":"2016-11-6 20:18:45","@fields":{"level":"info"}}
{"@message":"Displaying seller home page for user with id = 1","@timestamp":"2016-11-6 20:18:46","@fields":{"level":"info"}}
{"@message":"Create listing button clicked by user with id = 1","@timestamp":"2016-11-6 20:19:5","@fields":{"level":"info"}}
{"@message":"Create listing button clicked by user with id = 1","@timestamp":"2016-11-6 20:21:5","@fields":{"level":"info"}}
{"@message":"Fetching home page data after home page hit","@timestamp":"2016-11-6 20:31:15","@fields":{"level":"info"}}
{"@message":"User with username = i@i.com has been signed out successfully","@timestamp":"2016-11-6 20:31:16","@fields":{"level":"info"}}
{"@message":"Website hit","@timestamp":"2016-11-6 20:31:16","@fields":{"level":"info"}}
{"@message":"Sign in or register link clicked","@timestamp":"2016-11-6 20:31:19","@fields":{"level":"info"}}
